{"/home/user/wakeru/src/modules/expense/expense.calculator.ts": {"path":"/home/user/wakeru/src/modules/expense/expense.calculator.ts","statementMap":{"0":{"start":{"line":1,"column":0},"end":{"line":1,"column":33}},"1":{"start":{"line":2,"column":0},"end":{"line":2,"column":33}},"2":{"start":{"line":74,"column":28},"end":{"line":74,"column":null}},"3":{"start":{"line":82,"column":4},"end":{"line":93,"column":7}},"4":{"start":{"line":83,"column":6},"end":{"line":92,"column":9}},"5":{"start":{"line":84,"column":8},"end":{"line":91,"column":9}},"6":{"start":{"line":85,"column":10},"end":{"line":90,"column":13}},"7":{"start":{"line":96,"column":4},"end":{"line":116,"column":7}},"8":{"start":{"line":97,"column":24},"end":{"line":97,"column":51}},"9":{"start":{"line":99,"column":6},"end":{"line":115,"column":9}},"10":{"start":{"line":100,"column":23},"end":{"line":100,"column":38}},"11":{"start":{"line":101,"column":25},"end":{"line":101,"column":53}},"12":{"start":{"line":104,"column":34},"end":{"line":104,"column":96}},"13":{"start":{"line":106,"column":8},"end":{"line":106,"column":74}},"14":{"start":{"line":108,"column":8},"end":{"line":114,"column":11}},"15":{"start":{"line":119,"column":4},"end":{"line":143,"column":7}},"16":{"start":{"line":120,"column":22},"end":{"line":120,"column":64}},"17":{"start":{"line":122,"column":6},"end":{"line":142,"column":9}},"18":{"start":{"line":124,"column":8},"end":{"line":128,"column":9}},"19":{"start":{"line":127,"column":10},"end":{"line":127,"column":17}},"20":{"start":{"line":130,"column":26},"end":{"line":130,"column":53}},"21":{"start":{"line":132,"column":8},"end":{"line":141,"column":11}},"22":{"start":{"line":133,"column":25},"end":{"line":133,"column":40}},"23":{"start":{"line":134,"column":27},"end":{"line":134,"column":55}},"24":{"start":{"line":137,"column":31},"end":{"line":137,"column":93}},"25":{"start":{"line":138,"column":28},"end":{"line":138,"column":55}},"26":{"start":{"line":140,"column":10},"end":{"line":140,"column":66}},"27":{"start":{"line":146,"column":28},"end":{"line":148,"column":null}},"28":{"start":{"line":147,"column":21},"end":{"line":147,"column":58}},"29":{"start":{"line":151,"column":4},"end":{"line":188,"column":7}},"30":{"start":{"line":154,"column":6},"end":{"line":158,"column":7}},"31":{"start":{"line":155,"column":8},"end":{"line":155,"column":57}},"32":{"start":{"line":157,"column":8},"end":{"line":157,"column":95}},"33":{"start":{"line":161,"column":30},"end":{"line":168,"column":8}},"34":{"start":{"line":162,"column":8},"end":{"line":166,"column":9}},"35":{"start":{"line":165,"column":10},"end":{"line":165,"column":23}},"36":{"start":{"line":167,"column":8},"end":{"line":167,"column":20}},"37":{"start":{"line":170,"column":30},"end":{"line":172,"column":null}},"38":{"start":{"line":171,"column":23},"end":{"line":171,"column":60}},"39":{"start":{"line":175,"column":6},"end":{"line":187,"column":9}},"40":{"start":{"line":176,"column":27},"end":{"line":176,"column":81}},"41":{"start":{"line":177,"column":29},"end":{"line":177,"column":65}},"42":{"start":{"line":179,"column":8},"end":{"line":186,"column":11}},"43":{"start":{"line":180,"column":25},"end":{"line":180,"column":40}},"44":{"start":{"line":181,"column":27},"end":{"line":181,"column":55}},"45":{"start":{"line":184,"column":35},"end":{"line":184,"column":100}},"46":{"start":{"line":185,"column":10},"end":{"line":185,"column":83}},"47":{"start":{"line":191,"column":34},"end":{"line":191,"column":36}},"48":{"start":{"line":192,"column":24},"end":{"line":192,"column":38}},"49":{"start":{"line":193,"column":19},"end":{"line":193,"column":33}},"50":{"start":{"line":194,"column":24},"end":{"line":194,"column":38}},"51":{"start":{"line":196,"column":4},"end":{"line":214,"column":5}},"52":{"start":{"line":197,"column":26},"end":{"line":197,"column":89}},"53":{"start":{"line":198,"column":27},"end":{"line":198,"column":80}},"54":{"start":{"line":200,"column":6},"end":{"line":209,"column":9}},"55":{"start":{"line":211,"column":6},"end":{"line":211,"column":58}},"56":{"start":{"line":212,"column":6},"end":{"line":212,"column":47}},"57":{"start":{"line":213,"column":6},"end":{"line":213,"column":62}},"58":{"start":{"line":217,"column":22},"end":{"line":217,"column":63}},"59":{"start":{"line":219,"column":4},"end":{"line":230,"column":6}},"60":{"start":{"line":243,"column":26},"end":{"line":243,"column":44}},"61":{"start":{"line":244,"column":19},"end":{"line":244,"column":43}},"62":{"start":{"line":245,"column":22},"end":{"line":245,"column":93}},"63":{"start":{"line":248,"column":22},"end":{"line":248,"column":66}},"64":{"start":{"line":250,"column":4},"end":{"line":268,"column":7}},"65":{"start":{"line":251,"column":24},"end":{"line":251,"column":33}},"66":{"start":{"line":254,"column":6},"end":{"line":256,"column":7}},"67":{"start":{"line":255,"column":8},"end":{"line":255,"column":45}},"68":{"start":{"line":258,"column":6},"end":{"line":267,"column":8}},"69":{"start":{"line":275,"column":32},"end":{"line":275,"column":null}},"70":{"start":{"line":281,"column":4},"end":{"line":298,"column":7}},"71":{"start":{"line":282,"column":6},"end":{"line":297,"column":9}},"72":{"start":{"line":283,"column":25},"end":{"line":283,"column":38}},"73":{"start":{"line":285,"column":8},"end":{"line":291,"column":9}},"74":{"start":{"line":286,"column":10},"end":{"line":290,"column":13}},"75":{"start":{"line":293,"column":24},"end":{"line":293,"column":58}},"76":{"start":{"line":294,"column":8},"end":{"line":294,"column":66}},"77":{"start":{"line":295,"column":8},"end":{"line":295,"column":28}},"78":{"start":{"line":296,"column":8},"end":{"line":296,"column":59}},"79":{"start":{"line":301,"column":35},"end":{"line":301,"column":37}},"80":{"start":{"line":302,"column":4},"end":{"line":308,"column":7}},"81":{"start":{"line":303,"column":6},"end":{"line":307,"column":8}},"82":{"start":{"line":311,"column":28},"end":{"line":311,"column":32}},"83":{"start":{"line":312,"column":19},"end":{"line":312,"column":20}},"84":{"start":{"line":314,"column":4},"end":{"line":323,"column":7}},"85":{"start":{"line":315,"column":20},"end":{"line":315,"column":34}},"86":{"start":{"line":316,"column":6},"end":{"line":322,"column":7}},"87":{"start":{"line":317,"column":8},"end":{"line":317,"column":25}},"88":{"start":{"line":318,"column":8},"end":{"line":321,"column":10}},"89":{"start":{"line":326,"column":24},"end":{"line":328,"column":null}},"90":{"start":{"line":327,"column":22},"end":{"line":327,"column":68}},"91":{"start":{"line":331,"column":36},"end":{"line":336,"column":7}},"92":{"start":{"line":331,"column":57},"end":{"line":336,"column":6}},"93":{"start":{"line":338,"column":4},"end":{"line":345,"column":6}},"94":{"start":{"line":352,"column":29},"end":{"line":352,"column":31}},"95":{"start":{"line":354,"column":4},"end":{"line":357,"column":5}},"96":{"start":{"line":355,"column":6},"end":{"line":355,"column":56}},"97":{"start":{"line":356,"column":6},"end":{"line":356,"column":40}},"98":{"start":{"line":360,"column":4},"end":{"line":379,"column":7}},"99":{"start":{"line":361,"column":30},"end":{"line":363,"column":null}},"100":{"start":{"line":362,"column":20},"end":{"line":362,"column":49}},"101":{"start":{"line":366,"column":6},"end":{"line":370,"column":7}},"102":{"start":{"line":367,"column":8},"end":{"line":369,"column":10}},"103":{"start":{"line":372,"column":6},"end":{"line":374,"column":7}},"104":{"start":{"line":373,"column":8},"end":{"line":373,"column":78}},"105":{"start":{"line":376,"column":6},"end":{"line":378,"column":7}},"106":{"start":{"line":377,"column":8},"end":{"line":377,"column":77}},"107":{"start":{"line":382,"column":4},"end":{"line":386,"column":7}},"108":{"start":{"line":383,"column":6},"end":{"line":385,"column":7}},"109":{"start":{"line":384,"column":8},"end":{"line":384,"column":79}},"110":{"start":{"line":388,"column":4},"end":{"line":391,"column":6}},"111":{"start":{"line":53,"column":0},"end":{"line":53,"column":13}},"112":{"start":{"line":395,"column":13},"end":{"line":395,"column":57}}},"fnMap":{"0":{"name":"(anonymous_1)","decl":{"start":{"line":58,"column":2},"end":{"line":58,"column":28}},"loc":{"start":{"line":63,"column":20},"end":{"line":231,"column":3}}},"1":{"name":"(anonymous_2)","decl":{"start":{"line":82,"column":22},"end":{"line":82,"column":26}},"loc":{"start":{"line":82,"column":29},"end":{"line":93,"column":5}}},"2":{"name":"(anonymous_3)","decl":{"start":{"line":83,"column":29},"end":{"line":83,"column":37}},"loc":{"start":{"line":83,"column":40},"end":{"line":92,"column":7}}},"3":{"name":"(anonymous_4)","decl":{"start":{"line":96,"column":22},"end":{"line":96,"column":26}},"loc":{"start":{"line":96,"column":29},"end":{"line":116,"column":5}}},"4":{"name":"(anonymous_5)","decl":{"start":{"line":99,"column":29},"end":{"line":99,"column":37}},"loc":{"start":{"line":99,"column":40},"end":{"line":115,"column":7}}},"5":{"name":"(anonymous_6)","decl":{"start":{"line":119,"column":18},"end":{"line":119,"column":21}},"loc":{"start":{"line":119,"column":24},"end":{"line":143,"column":5}}},"6":{"name":"(anonymous_7)","decl":{"start":{"line":122,"column":24},"end":{"line":122,"column":28}},"loc":{"start":{"line":122,"column":31},"end":{"line":142,"column":7}}},"7":{"name":"(anonymous_8)","decl":{"start":{"line":132,"column":31},"end":{"line":132,"column":39}},"loc":{"start":{"line":132,"column":42},"end":{"line":141,"column":9}}},"8":{"name":"(anonymous_9)","decl":{"start":{"line":147,"column":6},"end":{"line":147,"column":7}},"loc":{"start":{"line":147,"column":21},"end":{"line":147,"column":58}}},"9":{"name":"(anonymous_10)","decl":{"start":{"line":151,"column":22},"end":{"line":151,"column":30}},"loc":{"start":{"line":151,"column":33},"end":{"line":188,"column":5}}},"10":{"name":"(anonymous_11)","decl":{"start":{"line":161,"column":47},"end":{"line":161,"column":51}},"loc":{"start":{"line":161,"column":54},"end":{"line":168,"column":7}}},"11":{"name":"(anonymous_12)","decl":{"start":{"line":171,"column":8},"end":{"line":171,"column":9}},"loc":{"start":{"line":171,"column":23},"end":{"line":171,"column":60}}},"12":{"name":"(anonymous_13)","decl":{"start":{"line":175,"column":30},"end":{"line":175,"column":34}},"loc":{"start":{"line":175,"column":37},"end":{"line":187,"column":7}}},"13":{"name":"(anonymous_14)","decl":{"start":{"line":179,"column":31},"end":{"line":179,"column":39}},"loc":{"start":{"line":179,"column":42},"end":{"line":186,"column":9}}},"14":{"name":"(anonymous_15)","decl":{"start":{"line":236,"column":2},"end":{"line":236,"column":21}},"loc":{"start":{"line":241,"column":35},"end":{"line":269,"column":3}}},"15":{"name":"(anonymous_16)","decl":{"start":{"line":250,"column":27},"end":{"line":250,"column":28}},"loc":{"start":{"line":250,"column":45},"end":{"line":268,"column":5}}},"16":{"name":"(anonymous_17)","decl":{"start":{"line":274,"column":10},"end":{"line":274,"column":27}},"loc":{"start":{"line":274,"column":77},"end":{"line":346,"column":3}}},"17":{"name":"(anonymous_18)","decl":{"start":{"line":281,"column":19},"end":{"line":281,"column":24}},"loc":{"start":{"line":281,"column":27},"end":{"line":298,"column":5}}},"18":{"name":"(anonymous_19)","decl":{"start":{"line":282,"column":26},"end":{"line":282,"column":30}},"loc":{"start":{"line":282,"column":33},"end":{"line":297,"column":7}}},"19":{"name":"(anonymous_20)","decl":{"start":{"line":302,"column":32},"end":{"line":302,"column":33}},"loc":{"start":{"line":302,"column":47},"end":{"line":308,"column":5}}},"20":{"name":"(anonymous_21)","decl":{"start":{"line":314,"column":22},"end":{"line":314,"column":26}},"loc":{"start":{"line":314,"column":29},"end":{"line":323,"column":5}}},"21":{"name":"(anonymous_22)","decl":{"start":{"line":327,"column":6},"end":{"line":327,"column":7}},"loc":{"start":{"line":327,"column":22},"end":{"line":327,"column":68}}},"22":{"name":"(anonymous_23)","decl":{"start":{"line":331,"column":47},"end":{"line":331,"column":52}},"loc":{"start":{"line":331,"column":57},"end":{"line":336,"column":6}}},"23":{"name":"(anonymous_24)","decl":{"start":{"line":351,"column":2},"end":{"line":351,"column":17}},"loc":{"start":{"line":351,"column":63},"end":{"line":392,"column":3}}},"24":{"name":"(anonymous_25)","decl":{"start":{"line":360,"column":22},"end":{"line":360,"column":23}},"loc":{"start":{"line":360,"column":38},"end":{"line":379,"column":5}}},"25":{"name":"(anonymous_26)","decl":{"start":{"line":362,"column":8},"end":{"line":362,"column":9}},"loc":{"start":{"line":362,"column":20},"end":{"line":362,"column":49}}},"26":{"name":"(anonymous_27)","decl":{"start":{"line":382,"column":18},"end":{"line":382,"column":19}},"loc":{"start":{"line":382,"column":33},"end":{"line":386,"column":5}}}},"branchMap":{"0":{"loc":{"start":{"line":84,"column":8},"end":{"line":91,"column":9}},"type":"if","locations":[{"start":{"line":84,"column":8},"end":{"line":91,"column":9}}]},"1":{"loc":{"start":{"line":124,"column":8},"end":{"line":128,"column":9}},"type":"if","locations":[{"start":{"line":124,"column":8},"end":{"line":128,"column":9}}]},"2":{"loc":{"start":{"line":124,"column":12},"end":{"line":126,"column":54}},"type":"binary-expr","locations":[{"start":{"line":124,"column":12},"end":{"line":124,"column":43}},{"start":{"line":125,"column":12},"end":{"line":125,"column":31}},{"start":{"line":126,"column":12},"end":{"line":126,"column":54}}]},"3":{"loc":{"start":{"line":154,"column":6},"end":{"line":158,"column":7}},"type":"if","locations":[{"start":{"line":154,"column":6},"end":{"line":158,"column":7}},{"start":{"line":156,"column":13},"end":{"line":158,"column":7}}]},"4":{"loc":{"start":{"line":162,"column":8},"end":{"line":166,"column":9}},"type":"if","locations":[{"start":{"line":162,"column":8},"end":{"line":166,"column":9}}]},"5":{"loc":{"start":{"line":162,"column":12},"end":{"line":164,"column":59}},"type":"binary-expr","locations":[{"start":{"line":162,"column":12},"end":{"line":162,"column":48}},{"start":{"line":163,"column":12},"end":{"line":163,"column":36}},{"start":{"line":164,"column":12},"end":{"line":164,"column":59}}]},"6":{"loc":{"start":{"line":240,"column":4},"end":{"line":240,"column":26}},"type":"default-arg","locations":[{"start":{"line":240,"column":24},"end":{"line":240,"column":26}}]},"7":{"loc":{"start":{"line":241,"column":4},"end":{"line":241,"column":35}},"type":"default-arg","locations":[{"start":{"line":241,"column":33},"end":{"line":241,"column":35}}]},"8":{"loc":{"start":{"line":254,"column":6},"end":{"line":256,"column":7}},"type":"if","locations":[{"start":{"line":254,"column":6},"end":{"line":256,"column":7}}]},"9":{"loc":{"start":{"line":285,"column":8},"end":{"line":291,"column":9}},"type":"if","locations":[{"start":{"line":285,"column":8},"end":{"line":291,"column":9}}]},"10":{"loc":{"start":{"line":316,"column":6},"end":{"line":322,"column":7}},"type":"if","locations":[{"start":{"line":316,"column":6},"end":{"line":322,"column":7}}]},"11":{"loc":{"start":{"line":333,"column":18},"end":{"line":335,"column":11}},"type":"cond-expr","locations":[{"start":{"line":334,"column":10},"end":{"line":334,"column":92}},{"start":{"line":335,"column":10},"end":{"line":335,"column":11}}]},"12":{"loc":{"start":{"line":341,"column":24},"end":{"line":341,"column":42}},"type":"binary-expr","locations":[{"start":{"line":341,"column":24},"end":{"line":341,"column":37}},{"start":{"line":341,"column":41},"end":{"line":341,"column":42}}]},"13":{"loc":{"start":{"line":354,"column":4},"end":{"line":357,"column":5}},"type":"if","locations":[{"start":{"line":354,"column":4},"end":{"line":357,"column":5}}]},"14":{"loc":{"start":{"line":354,"column":8},"end":{"line":354,"column":44}},"type":"binary-expr","locations":[{"start":{"line":354,"column":8},"end":{"line":354,"column":18}},{"start":{"line":354,"column":22},"end":{"line":354,"column":44}}]},"15":{"loc":{"start":{"line":366,"column":6},"end":{"line":370,"column":7}},"type":"if","locations":[{"start":{"line":366,"column":6},"end":{"line":370,"column":7}}]},"16":{"loc":{"start":{"line":372,"column":6},"end":{"line":374,"column":7}},"type":"if","locations":[{"start":{"line":372,"column":6},"end":{"line":374,"column":7}}]},"17":{"loc":{"start":{"line":376,"column":6},"end":{"line":378,"column":7}},"type":"if","locations":[{"start":{"line":376,"column":6},"end":{"line":378,"column":7}}]},"18":{"loc":{"start":{"line":383,"column":6},"end":{"line":385,"column":7}},"type":"if","locations":[{"start":{"line":383,"column":6},"end":{"line":385,"column":7}}]},"19":{"loc":{"start":{"line":383,"column":10},"end":{"line":383,"column":52}},"type":"binary-expr","locations":[{"start":{"line":383,"column":10},"end":{"line":383,"column":28}},{"start":{"line":383,"column":32},"end":{"line":383,"column":52}}]}},"s":{"0":1,"1":1,"2":0,"3":0,"4":0,"5":0,"6":0,"7":0,"8":0,"9":0,"10":0,"11":0,"12":0,"13":0,"14":0,"15":0,"16":0,"17":0,"18":0,"19":0,"20":0,"21":0,"22":0,"23":0,"24":0,"25":0,"26":0,"27":0,"28":0,"29":0,"30":0,"31":0,"32":0,"33":0,"34":0,"35":0,"36":0,"37":0,"38":0,"39":0,"40":0,"41":0,"42":0,"43":0,"44":0,"45":0,"46":0,"47":0,"48":0,"49":0,"50":0,"51":0,"52":0,"53":0,"54":0,"55":0,"56":0,"57":0,"58":0,"59":0,"60":0,"61":0,"62":0,"63":0,"64":0,"65":0,"66":0,"67":0,"68":0,"69":0,"70":0,"71":0,"72":0,"73":0,"74":0,"75":0,"76":0,"77":0,"78":0,"79":0,"80":0,"81":0,"82":0,"83":0,"84":0,"85":0,"86":0,"87":0,"88":0,"89":0,"90":0,"91":0,"92":0,"93":0,"94":0,"95":0,"96":0,"97":0,"98":0,"99":0,"100":0,"101":0,"102":0,"103":0,"104":0,"105":0,"106":0,"107":0,"108":0,"109":0,"110":0,"111":1,"112":1},"f":{"0":0,"1":0,"2":0,"3":0,"4":0,"5":0,"6":0,"7":0,"8":0,"9":0,"10":0,"11":0,"12":0,"13":0,"14":0,"15":0,"16":0,"17":0,"18":0,"19":0,"20":0,"21":0,"22":0,"23":0,"24":0,"25":0,"26":0},"b":{"0":[0],"1":[0],"2":[0,0,0],"3":[0,0],"4":[0],"5":[0,0,0],"6":[0],"7":[0],"8":[0],"9":[0],"10":[0],"11":[0,0],"12":[0,0],"13":[0],"14":[0,0],"15":[0],"16":[0],"17":[0],"18":[0],"19":[0,0]}}
}
