TN:
SF:src/modules/expense/expense.calculator.ts
FN:58,(anonymous_1)
FN:82,(anonymous_2)
FN:83,(anonymous_3)
FN:96,(anonymous_4)
FN:99,(anonymous_5)
FN:119,(anonymous_6)
FN:122,(anonymous_7)
FN:132,(anonymous_8)
FN:147,(anonymous_9)
FN:151,(anonymous_10)
FN:161,(anonymous_11)
FN:171,(anonymous_12)
FN:175,(anonymous_13)
FN:179,(anonymous_14)
FN:236,(anonymous_15)
FN:250,(anonymous_16)
FN:274,(anonymous_17)
FN:281,(anonymous_18)
FN:282,(anonymous_19)
FN:302,(anonymous_20)
FN:314,(anonymous_21)
FN:327,(anonymous_22)
FN:331,(anonymous_23)
FN:351,(anonymous_24)
FN:360,(anonymous_25)
FN:362,(anonymous_26)
FN:382,(anonymous_27)
FNF:27
FNH:0
FNDA:0,(anonymous_1)
FNDA:0,(anonymous_2)
FNDA:0,(anonymous_3)
FNDA:0,(anonymous_4)
FNDA:0,(anonymous_5)
FNDA:0,(anonymous_6)
FNDA:0,(anonymous_7)
FNDA:0,(anonymous_8)
FNDA:0,(anonymous_9)
FNDA:0,(anonymous_10)
FNDA:0,(anonymous_11)
FNDA:0,(anonymous_12)
FNDA:0,(anonymous_13)
FNDA:0,(anonymous_14)
FNDA:0,(anonymous_15)
FNDA:0,(anonymous_16)
FNDA:0,(anonymous_17)
FNDA:0,(anonymous_18)
FNDA:0,(anonymous_19)
FNDA:0,(anonymous_20)
FNDA:0,(anonymous_21)
FNDA:0,(anonymous_22)
FNDA:0,(anonymous_23)
FNDA:0,(anonymous_24)
FNDA:0,(anonymous_25)
FNDA:0,(anonymous_26)
FNDA:0,(anonymous_27)
DA:1,1
DA:2,1
DA:53,1
DA:74,0
DA:82,0
DA:83,0
DA:84,0
DA:85,0
DA:96,0
DA:97,0
DA:99,0
DA:100,0
DA:101,0
DA:104,0
DA:106,0
DA:108,0
DA:119,0
DA:120,0
DA:122,0
DA:124,0
DA:127,0
DA:130,0
DA:132,0
DA:133,0
DA:134,0
DA:137,0
DA:138,0
DA:140,0
DA:146,0
DA:147,0
DA:151,0
DA:154,0
DA:155,0
DA:157,0
DA:161,0
DA:162,0
DA:165,0
DA:167,0
DA:170,0
DA:171,0
DA:175,0
DA:176,0
DA:177,0
DA:179,0
DA:180,0
DA:181,0
DA:184,0
DA:185,0
DA:191,0
DA:192,0
DA:193,0
DA:194,0
DA:196,0
DA:197,0
DA:198,0
DA:200,0
DA:211,0
DA:212,0
DA:213,0
DA:217,0
DA:219,0
DA:243,0
DA:244,0
DA:245,0
DA:248,0
DA:250,0
DA:251,0
DA:254,0
DA:255,0
DA:258,0
DA:275,0
DA:281,0
DA:282,0
DA:283,0
DA:285,0
DA:286,0
DA:293,0
DA:294,0
DA:295,0
DA:296,0
DA:301,0
DA:302,0
DA:303,0
DA:311,0
DA:312,0
DA:314,0
DA:315,0
DA:316,0
DA:317,0
DA:318,0
DA:326,0
DA:327,0
DA:331,0
DA:338,0
DA:352,0
DA:354,0
DA:355,0
DA:356,0
DA:360,0
DA:361,0
DA:362,0
DA:366,0
DA:367,0
DA:372,0
DA:373,0
DA:376,0
DA:377,0
DA:382,0
DA:383,0
DA:384,0
DA:388,0
DA:395,1
LF:112
LH:4
BRDA:84,0,0,0
BRDA:124,1,0,0
BRDA:124,2,0,0
BRDA:124,2,1,0
BRDA:124,2,2,0
BRDA:154,3,0,0
BRDA:154,3,1,0
BRDA:162,4,0,0
BRDA:162,5,0,0
BRDA:162,5,1,0
BRDA:162,5,2,0
BRDA:240,6,0,0
BRDA:241,7,0,0
BRDA:254,8,0,0
BRDA:285,9,0,0
BRDA:316,10,0,0
BRDA:333,11,0,0
BRDA:333,11,1,0
BRDA:341,12,0,0
BRDA:341,12,1,0
BRDA:354,13,0,0
BRDA:354,14,0,0
BRDA:354,14,1,0
BRDA:366,15,0,0
BRDA:372,16,0,0
BRDA:376,17,0,0
BRDA:383,18,0,0
BRDA:383,19,0,0
BRDA:383,19,1,0
BRF:29
BRH:0
end_of_record
